11 Apr 2013 17:58:48 - [info] - Logfile started!

11 Apr 2013 17:58:48 - [debug] - array (
  'prepare_only' => '1',
  'hide_login' => true,
  'return_url' => 'http://shops.skrillbox.com/shopware_ce/payment_skrill/finish?uniquePaymentID=ea9b225ba0b87be65e14d7dbc20c298a&transactionID=814318365',
  'status_url' => 'http://shops.skrillbox.com/shopware_ce/payment_skrill/status',
  'cancel_url' => 'http://shops.skrillbox.com/shopware_ce/payment_skrill/cancel',
  'payment_methods' => 'ACC',
  'pay_to_email' => 'payments@skrillbox.com',
  'recipient_description' => 'Demoshop @ Skrill Integrations',
  'logo_url' => NULL,
  'transaction_id' => 814318365,
  'merchant_fields' => 'shopware_paymentid',
  'shopware_paymentid' => 'ea9b225ba0b87be65e14d7dbc20c298a',
  'pay_from_email' => 'payments.skrill@gmail.com',
  'firstname' => 'M G',
  'lastname' => 'Tester',
  'address' => 'Cherkovna St. 38',
  'city' => 'Sofia',
  'phone_number' => '11111111111111',
  'postal_code' => '11111',
  'country' => 'DEU',
  'language' => '1',
  'amount' => 7,
  'currency' => 'EUR',
)
